 0.010  0.0084 26.3416
 0.020  0.0120 18.5440
 0.030  0.0159 15.0735
 0.040  0.0203 12.9953
 0.050  0.0251 11.5706
 0.060  0.0303 10.5140
 0.070  0.0358  9.6891
 0.080  0.0416  9.0210
 0.090  0.0477  8.4650
 0.100  0.0540  7.9924
 0.110  0.0605  7.5839
 0.120  0.0672  7.2258
 0.130  0.0742  6.9083
 0.140  0.0813  6.6241
 0.150  0.0886  6.3675
 0.160  0.0961  6.1342
 0.170  0.1037  5.9207
 0.180  0.1115  5.7243
 0.190  0.1196  5.5426
 0.200  0.1280  5.3739
 0.210  0.1369  5.2165
 0.220  0.1460  5.0692
 0.230  0.1553  4.9308
 0.240  0.1646  4.8005
 0.250  0.1740  4.6774
 0.260  0.1833  4.5609
 0.270  0.1926  4.4502
 0.280  0.2018  4.3449
 0.290  0.2111  4.2446
 0.300  0.2202  4.1487
 0.310  0.2294  4.0570
 0.320  0.2386  3.9691
 0.330  0.2478  3.8847
 0.340  0.2570  3.8035
 0.350  0.2663  3.7254
 0.360  0.2756  3.6501
 0.370  0.2850  3.5773
 0.380  0.2944  3.5071
 0.390  0.3039  3.4391
 0.400  0.3134  3.3732
 0.410  0.3229  3.3093
 0.420  0.3324  3.2473
 0.430  0.3420  3.1871
 0.440  0.3516  3.1285
 0.450  0.3612  3.0715
 0.460  0.3708  3.0159
 0.470  0.3804  2.9618
 0.480  0.3900  2.9089
 0.490  0.3997  2.8573
 0.500  0.4093  2.8069
 0.510  0.4190  2.7575
 0.520  0.4286  2.7093
 0.530  0.4382  2.6620
 0.540  0.4479  2.6156
 0.550  0.4575  2.5702
 0.560  0.4671  2.5256
 0.570  0.4768  2.4818
 0.580  0.4864  2.4387
 0.590  0.4960  2.3964
 0.600  0.5055  2.3548
 0.610  0.5151  2.3139
 0.620  0.5246  2.2735
 0.630  0.5341  2.2337
 0.640  0.5436  2.1945
 0.650  0.5531  2.1559
 0.660  0.5625  2.1177
 0.670  0.5719  2.0800
 0.680  0.5812  2.0427
 0.690  0.5870  2.0058
 0.700  0.6049  1.9694
 0.710  0.6294  1.9333
 0.720  0.6347  1.8976
 0.730  0.6304  1.8621
 0.740  0.6372  1.8270
 0.750  0.6568  1.7922
 0.760  0.6762  1.7576
 0.770  0.6759  1.7232
 0.780  0.6707  1.6890
 0.790  0.6824  1.6551
 0.800  0.7127  1.6213
 0.810  0.7238  1.5876
 0.820  0.7493  1.5541
 0.830  0.8238  1.5206
 0.840  0.8058  1.4872
 0.850  0.7635  1.4539
 0.860  0.7643  1.4206
 0.870  0.7281  1.3873
 0.880  0.6642  1.3539
 0.890  0.6134  1.3205
 0.900  0.5556  1.2870
 0.910  0.3170  1.2533
 0.920 -0.1049  1.2195
 0.930 -0.1093  1.1855
 0.940  0.3537  1.1512
 0.950  0.6558  1.1167
 0.960  0.8534  1.0817
 0.963  1.0000  1.0700
