 0.010  0.0074 22.2683
 0.020  0.0111 15.6805
 0.030  0.0149 12.7493
 0.040  0.0192 10.9945
 0.050  0.0238  9.7918
 0.060  0.0287  8.9001
 0.070  0.0340  8.2041
 0.080  0.0396  7.6406
 0.090  0.0455  7.1718
 0.100  0.0516  6.7734
 0.110  0.0580  6.4291
 0.120  0.0647  6.1274
 0.130  0.0716  5.8600
 0.140  0.0786  5.6207
 0.150  0.0858  5.4048
 0.160  0.0932  5.2085
 0.170  0.1007  5.0289
 0.180  0.1085  4.8638
 0.190  0.1165  4.7111
 0.200  0.1247  4.5693
 0.210  0.1331  4.4371
 0.220  0.1416  4.3134
 0.230  0.1502  4.1973
 0.240  0.1590  4.0880
 0.250  0.1678  3.9848
 0.260  0.1767  3.8871
 0.270  0.1857  3.7943
 0.280  0.1948  3.7062
 0.290  0.2040  3.6221
 0.300  0.2132  3.5419
 0.310  0.2225  3.4652
 0.320  0.2319  3.3917
 0.330  0.2413  3.3211
 0.340  0.2508  3.2534
 0.350  0.2603  3.1881
 0.360  0.2698  3.1253
 0.370  0.2794  3.0646
 0.380  0.2890  3.0061
 0.390  0.2987  2.9494
 0.400  0.3084  2.8946
 0.410  0.3181  2.8414
 0.420  0.3278  2.7898
 0.430  0.3375  2.7398
 0.440  0.3473  2.6911
 0.450  0.3570  2.6438
 0.460  0.3668  2.5977
 0.470  0.3766  2.5528
 0.480  0.3864  2.5090
 0.490  0.3961  2.4663
 0.500  0.4059  2.4246
 0.510  0.4157  2.3838
 0.520  0.4254  2.3439
 0.530  0.4351  2.3049
 0.540  0.4449  2.2667
 0.550  0.4546  2.2292
 0.560  0.4643  2.1925
 0.570  0.4740  2.1565
 0.580  0.4836  2.1211
 0.590  0.4932  2.0864
 0.600  0.5027  2.0523
 0.610  0.5086  2.0187
 0.620  0.5139  1.9857
 0.630  0.5240  1.9532
 0.640  0.5301  1.9212
 0.650  0.5367  1.8897
 0.660  0.5469  1.8586
 0.670  0.5552  1.8279
 0.680  0.5634  1.7976
 0.690  0.5822  1.7677
 0.700  0.5968  1.7382
 0.710  0.5996  1.7090
 0.720  0.6004  1.6802
 0.730  0.6126  1.6516
 0.740  0.6329  1.6233
 0.750  0.6466  1.5954
 0.760  0.6685  1.5676
 0.770  0.7127  1.5401
 0.780  0.7640  1.5129
 0.790  0.7427  1.4858
 0.800  0.7137  1.4589
 0.810  0.7098  1.4322
 0.820  0.7013  1.4057
 0.830  0.6713  1.3793
 0.840  0.6190  1.3531
 0.850  0.5565  1.3270
 0.860  0.4895  1.3009
 0.870  0.3713  1.2750
 0.880  0.1290  1.2491
 0.890 -0.1619  1.2233
 0.900 -0.2945  1.1975
 0.910 -0.1384  1.1718
 0.920  0.1682  1.1460
 0.930  0.4297  1.1202
 0.940  0.6522  1.0944
 0.949  1.0000  1.0700
