 0.010  0.0092 31.4782
 0.020  0.0128 22.1558
 0.030  0.0167 18.0059
 0.040  0.0212 15.5203
 0.050  0.0262 13.8159
 0.060  0.0315 12.5517
 0.070  0.0372 11.5644
 0.080  0.0431 10.7647
 0.090  0.0493 10.0990
 0.100  0.0556  9.5330
 0.110  0.0622  9.0436
 0.120  0.0690  8.6146
 0.130  0.0760  8.2342
 0.140  0.0831  7.8935
 0.150  0.0904  7.5859
 0.160  0.0979  7.3061
 0.170  0.1055  7.0500
 0.180  0.1133  6.8143
 0.190  0.1212  6.5962
 0.200  0.1293  6.3936
 0.210  0.1375  6.2046
 0.220  0.1458  6.0277
 0.230  0.1542  5.8615
 0.240  0.1628  5.7048
 0.250  0.1715  5.5568
 0.260  0.1809  5.4166
 0.270  0.1907  5.2835
 0.280  0.2008  5.1568
 0.290  0.2111  5.0360
 0.300  0.2214  4.9206
 0.310  0.2317  4.8100
 0.320  0.2418  4.7041
 0.330  0.2519  4.6023
 0.340  0.2618  4.5045
 0.350  0.2715  4.4102
 0.360  0.2811  4.3193
 0.370  0.2905  4.2315
 0.380  0.2999  4.1466
 0.390  0.3093  4.0644
 0.400  0.3185  3.9848
 0.410  0.3278  3.9075
 0.420  0.3372  3.8325
 0.430  0.3465  3.7596
 0.440  0.3559  3.6886
 0.450  0.3653  3.6195
 0.460  0.3747  3.5521
 0.470  0.3841  3.4864
 0.480  0.3936  3.4223
 0.490  0.4031  3.3596
 0.500  0.4126  3.2983
 0.510  0.4221  3.2383
 0.520  0.4316  3.1795
 0.530  0.4411  3.1219
 0.540  0.4506  3.0655
 0.550  0.4602  3.0100
 0.560  0.4697  2.9556
 0.570  0.4792  2.9021
 0.580  0.4886  2.8495
 0.590  0.4980  2.7978
 0.600  0.5075  2.7468
 0.610  0.5169  2.6967
 0.620  0.5263  2.6472
 0.630  0.5357  2.5984
 0.640  0.5452  2.5502
 0.650  0.5546  2.5026
 0.660  0.5640  2.4556
 0.670  0.5734  2.4091
 0.680  0.5828  2.3631
 0.690  0.5922  2.3176
 0.700  0.6016  2.2725
 0.710  0.6110  2.2278
 0.720  0.6203  2.1834
 0.730  0.6297  2.1394
 0.740  0.6390  2.0957
 0.750  0.6482  2.0523
 0.760  0.6852  2.0091
 0.770  0.7064  1.9661
 0.780  0.7228  1.9233
 0.790  0.7340  1.8806
 0.800  0.7442  1.8381
 0.810  0.7574  1.7956
 0.820  0.7707  1.7532
 0.830  0.7814  1.7108
 0.840  0.7860  1.6683
 0.850  0.7952  1.6258
 0.860  0.8022  1.5832
 0.870  0.8139  1.5404
 0.880  0.8258  1.4974
 0.890  0.8249  1.4541
 0.900  0.8312  1.4105
 0.910  0.8379  1.3666
 0.920  0.8329  1.3221
 0.930  0.7803  1.2772
 0.940  0.5856  1.2316
 0.950  0.5126  1.1852
 0.960  0.7392  1.1381
 0.970  0.8679  1.0899
 0.974  1.0000  1.0700
