  8.0000E-01   6.9346E-01  -3.0628E-01    6.8702E-01  -3.0266E-01    
  7.5000E-01   6.8759E-01  -3.1217E-01    6.8198E-01  -3.0772E-01    
  7.0000E-01   6.8172E-01  -3.2011E-01    6.7651E-01  -3.1698E-01    
  6.5000E-01   6.7271E-01  -3.2981E-01    6.6835E-01  -3.2594E-01    
  6.0000E-01   6.6072E-01  -3.4076E-01    6.5714E-01  -3.3717E-01    
  5.5000E-01   6.4507E-01  -3.5229E-01    6.4236E-01  -3.4852E-01    
  5.0000E-01   6.2527E-01  -3.6312E-01    6.2351E-01  -3.5907E-01    
  4.5000E-01   6.0345E-01  -3.7199E-01    6.0256E-01  -3.6817E-01    
  4.0000E-01   5.7756E-01  -3.7608E-01    5.7778E-01  -3.7225E-01    
  3.5000E-01   5.4859E-01  -3.7263E-01    5.4969E-01  -3.6944E-01    
  3.0000E-01   5.1610E-01  -3.6002E-01    5.1813E-01  -3.5753E-01    
  2.5000E-01   4.7942E-01  -3.3730E-01    4.8229E-01  -3.3573E-01    
  2.0000E-01   4.3639E-01  -3.0478E-01    4.4013E-01  -3.0392E-01    
  1.5000E-01   3.8295E-01  -2.6328E-01    3.8747E-01  -2.6287E-01    
  1.0000E-01   3.1138E-01  -2.1258E-01    3.1632E-01  -2.1196E-01    
  7.0000E-02   2.5709E-01  -1.7710E-01    2.6163E-01  -1.7585E-01    
  5.0000E-02   2.0653E-01  -1.4644E-01    2.1063E-01  -1.4486E-01    
  2.5000E-02   1.3177E-01  -1.0049E-01    1.3409E-01  -9.8440E-02    
  2.0000E-02   1.1270E-01  -8.8443E-02    1.1452E-01  -8.6430E-02    
  1.0000E-02   6.7499E-02  -5.7636E-02    6.8170E-02  -5.6110E-02    
  7.0000E-03   5.1264E-02  -4.5594E-02    5.1564E-02  -4.4368E-02    
  5.0000E-03   3.9299E-02  -3.6276E-02    3.9366E-02  -3.5304E-02    
  2.0000E-03   1.8451E-02  -1.8967E-02    1.8285E-02  -1.8484E-02    
  1.0000E-03   1.0097E-02  -1.1479E-02    9.9390E-03  -1.1205E-02    

  8.0000E-01   6.8329E-01  -3.0121E-01   6.8853E-01  -3.0372E-01
  7.5000E-01   6.7934E-01  -3.0617E-01   6.8374E-01  -3.0811E-01
  7.0000E-01   6.7450E-01  -3.1546E-01   6.7833E-01  -3.1657E-01
  6.5000E-01   6.6688E-01  -3.2426E-01   6.7032E-01  -3.2566E-01
  6.0000E-01   6.5627E-01  -3.3510E-01   6.5939E-01  -3.3619E-01
  5.5000E-01   6.4205E-01  -3.4685E-01   6.4496E-01  -3.4754E-01
  5.0000E-01   6.2374E-01  -3.5728E-01   6.2645E-01  -3.5786E-01
  4.5000E-01   6.0339E-01  -3.6623E-01   6.0594E-01  -3.6652E-01
  4.0000E-01   5.7914E-01  -3.7046E-01   5.8157E-01  -3.7072E-01
  3.5000E-01   5.5149E-01  -3.6813E-01   5.5382E-01  -3.6831E-01
  3.0000E-01   5.2036E-01  -3.5665E-01   5.2258E-01  -3.5693E-01
  2.5000E-01   4.8494E-01  -3.3529E-01   4.8712E-01  -3.3559E-01
  2.0000E-01   4.4306E-01  -3.0390E-01   4.4517E-01  -3.0422E-01
  1.5000E-01   3.9065E-01  -2.6293E-01   3.9271E-01  -2.6313E-01
  1.0000E-01   3.1951E-01  -2.1169E-01   3.2141E-01  -2.1150E-01
  7.0000E-02   2.6437E-01  -1.7509E-01   2.6594E-01  -1.7448E-01
  5.0000E-02   2.1295E-01  -1.4380E-01   2.1423E-01  -1.4293E-01
  2.5000E-02   1.3513E-01  -9.6954E-02   1.3561E-01  -9.5762E-02
  2.0000E-02   1.1522E-01  -8.4936E-02   1.1550E-01  -8.3734E-02
  1.0000E-02   6.8181E-02  -5.4878E-02   6.8043E-02  -5.3874E-02
  7.0000E-03   5.1378E-02  -4.3329E-02   5.1130E-02  -4.2477E-02
  5.0000E-03   3.9077E-02  -3.4441E-02   3.8777E-02  -3.3731E-02
  2.0000E-03   1.7970E-02  -1.7997E-02   1.7687E-02  -1.7596E-02
  1.0000E-03   9.7036E-03  -1.0900E-02   9.4939E-03  -1.0650E-02


















