 0.010  0.0080 24.3901
 0.020  0.0116 17.1720
 0.030  0.0155 13.9599
 0.040  0.0198 12.0365
 0.050  0.0245 10.7181
 0.060  0.0296  9.7406
 0.070  0.0351  8.9773
 0.080  0.0408  8.3593
 0.090  0.0468  7.8451
 0.100  0.0530  7.4080
 0.110  0.0595  7.0302
 0.120  0.0662  6.6991
 0.130  0.0731  6.4056
 0.140  0.0802  6.1429
 0.150  0.0875  5.9058
 0.160  0.0950  5.6902
 0.170  0.1027  5.4930
 0.180  0.1107  5.3115
 0.190  0.1191  5.1437
 0.200  0.1276  4.9878
 0.210  0.1363  4.8425
 0.220  0.1451  4.7065
 0.230  0.1540  4.5788
 0.240  0.1629  4.4585
 0.250  0.1719  4.3449
 0.260  0.1809  4.2374
 0.270  0.1899  4.1353
 0.280  0.1989  4.0382
 0.290  0.2080  3.9456
 0.300  0.2171  3.8573
 0.310  0.2263  3.7727
 0.320  0.2355  3.6917
 0.330  0.2448  3.6139
 0.340  0.2542  3.5391
 0.350  0.2636  3.4672
 0.360  0.2730  3.3978
 0.370  0.2825  3.3309
 0.380  0.2920  3.2662
 0.390  0.3015  3.2036
 0.400  0.3111  3.1430
 0.410  0.3207  3.0843
 0.420  0.3303  3.0272
 0.430  0.3400  2.9719
 0.440  0.3496  2.9180
 0.450  0.3593  2.8656
 0.460  0.3690  2.8146
 0.470  0.3787  2.7649
 0.480  0.3884  2.7163
 0.490  0.3981  2.6690
 0.500  0.4078  2.6227
 0.510  0.4175  2.5774
 0.520  0.4272  2.5332
 0.530  0.4369  2.4898
 0.540  0.4466  2.4474
 0.550  0.4562  2.4057
 0.560  0.4659  2.3649
 0.570  0.4755  2.3248
 0.580  0.4852  2.2855
 0.590  0.4948  2.2468
 0.600  0.5043  2.2087
 0.610  0.5139  2.1713
 0.620  0.5234  2.1345
 0.630  0.5329  2.0982
 0.640  0.5423  2.0624
 0.650  0.5518  2.0271
 0.660  0.5562  1.9923
 0.670  0.5730  1.9580
 0.680  0.5856  1.9241
 0.690  0.5893  1.8905
 0.700  0.5930  1.8574
 0.710  0.6006  1.8246
 0.720  0.6138  1.7922
 0.730  0.6330  1.7600
 0.740  0.6386  1.7282
 0.750  0.6374  1.6966
 0.760  0.6398  1.6653
 0.770  0.6647  1.6342
 0.780  0.6814  1.6034
 0.790  0.6968  1.5727
 0.800  0.7411  1.5422
 0.810  0.8043  1.5119
 0.820  0.7666  1.4817
 0.830  0.7409  1.4517
 0.840  0.7374  1.4217
 0.850  0.7087  1.3919
 0.860  0.6509  1.3621
 0.870  0.5862  1.3323
 0.880  0.5294  1.3026
 0.890  0.4051  1.2728
 0.900  0.0974  1.2430
 0.910 -0.2386  1.2132
 0.920 -0.2003  1.1833
 0.930  0.1812  1.1533
 0.940  0.5029  1.1232
 0.950  0.7221  1.0928
 0.957  1.0000  1.0700
