 0.010  0.0087 28.1581
 0.020  0.0123 19.8212
 0.030  0.0162 16.1104
 0.040  0.0207 13.8881
 0.050  0.0256 12.3644
 0.060  0.0308 11.2344
 0.070  0.0364 10.3520
 0.080  0.0423  9.6373
 0.090  0.0484  9.0425
 0.100  0.0547  8.5369
 0.110  0.0613  8.0997
 0.120  0.0680  7.7166
 0.130  0.0750  7.3768
 0.140  0.0821  7.0726
 0.150  0.0894  6.7979
 0.160  0.0969  6.5482
 0.170  0.1045  6.3196
 0.180  0.1123  6.1093
 0.190  0.1203  5.9147
 0.200  0.1283  5.7340
 0.210  0.1366  5.5654
 0.220  0.1454  5.4076
 0.230  0.1547  5.2594
 0.240  0.1642  5.1197
 0.250  0.1739  4.9878
 0.260  0.1836  4.8629
 0.270  0.1934  4.7443
 0.280  0.2030  4.6314
 0.290  0.2127  4.5238
 0.300  0.2222  4.4210
 0.310  0.2316  4.3226
 0.320  0.2409  4.2283
 0.330  0.2502  4.1377
 0.340  0.2594  4.0507
 0.350  0.2687  3.9668
 0.360  0.2779  3.8860
 0.370  0.2872  3.8079
 0.380  0.2965  3.7324
 0.390  0.3059  3.6594
 0.400  0.3153  3.5887
 0.410  0.3247  3.5200
 0.420  0.3342  3.4534
 0.430  0.3437  3.3887
 0.440  0.3532  3.3257
 0.450  0.3627  3.2644
 0.460  0.3723  3.2047
 0.470  0.3818  3.1464
 0.480  0.3914  3.0895
 0.490  0.4010  3.0340
 0.500  0.4106  2.9797
 0.510  0.4202  2.9266
 0.520  0.4298  2.8746
 0.530  0.4394  2.8236
 0.540  0.4490  2.7737
 0.550  0.4586  2.7247
 0.560  0.4682  2.6766
 0.570  0.4778  2.6294
 0.580  0.4873  2.5829
 0.590  0.4969  2.5373
 0.600  0.5065  2.4924
 0.610  0.5160  2.4481
 0.620  0.5255  2.4045
 0.630  0.5351  2.3615
 0.640  0.5446  2.3192
 0.650  0.5540  2.2773
 0.660  0.5635  2.2360
 0.670  0.5729  2.1952
 0.680  0.5823  2.1548
 0.690  0.5917  2.1149
 0.700  0.6009  2.0753
 0.710  0.6102  2.0362
 0.720  0.6182  1.9974
 0.730  0.6434  1.9589
 0.740  0.6660  1.9208
 0.750  0.6649  1.8829
 0.760  0.6626  1.8452
 0.770  0.6805  1.8078
 0.780  0.7064  1.7706
 0.790  0.7132  1.7335
 0.800  0.7053  1.6966
 0.810  0.7135  1.6598
 0.820  0.7467  1.6231
 0.830  0.7592  1.5865
 0.840  0.7869  1.5499
 0.850  0.8528  1.5134
 0.860  0.7778  1.4768
 0.870  0.7816  1.4401
 0.880  0.7755  1.4034
 0.890  0.7363  1.3665
 0.900  0.6921  1.3294
 0.910  0.6532  1.2922
 0.920  0.4522  1.2547
 0.930  0.0125  1.2168
 0.940  0.1415  1.1786
 0.950  0.6100  1.1400
 0.960  0.7935  1.1008
 0.968  1.0000  1.0700
