 0.010  0.0090 29.8643
 0.020  0.0126 21.0209
 0.030  0.0165 17.0845
 0.040  0.0210 14.7268
 0.050  0.0259 13.1102
 0.060  0.0312 11.9113
 0.070  0.0369 10.9750
 0.080  0.0427 10.2166
 0.090  0.0489  9.5853
 0.100  0.0552  9.0487
 0.110  0.0618  8.5847
 0.120  0.0686  8.1779
 0.130  0.0755  7.8172
 0.140  0.0827  7.4943
 0.150  0.0900  7.2027
 0.160  0.0975  6.9375
 0.170  0.1051  6.6947
 0.180  0.1129  6.4714
 0.190  0.1208  6.2647
 0.200  0.1289  6.0728
 0.210  0.1371  5.8937
 0.220  0.1454  5.7260
 0.230  0.1540  5.5686
 0.240  0.1630  5.4202
 0.250  0.1726  5.2800
 0.260  0.1824  5.1472
 0.270  0.1924  5.0211
 0.280  0.2025  4.9012
 0.290  0.2125  4.7868
 0.300  0.2225  4.6774
 0.310  0.2323  4.5728
 0.320  0.2421  4.4725
 0.330  0.2517  4.3762
 0.340  0.2611  4.2836
 0.350  0.2705  4.1944
 0.360  0.2799  4.1083
 0.370  0.2891  4.0253
 0.380  0.2984  3.9450
 0.390  0.3077  3.8672
 0.400  0.3170  3.7919
 0.410  0.3264  3.7188
 0.420  0.3358  3.6479
 0.430  0.3452  3.5789
 0.440  0.3546  3.5118
 0.450  0.3641  3.4465
 0.460  0.3736  3.3829
 0.470  0.3830  3.3208
 0.480  0.3926  3.2601
 0.490  0.4021  3.2009
 0.500  0.4116  3.1430
 0.510  0.4212  3.0864
 0.520  0.4307  3.0309
 0.530  0.4403  2.9765
 0.540  0.4499  2.9232
 0.550  0.4594  2.8709
 0.560  0.4690  2.8196
 0.570  0.4786  2.7691
 0.580  0.4881  2.7195
 0.590  0.4977  2.6707
 0.600  0.5072  2.6227
 0.610  0.5166  2.5754
 0.620  0.5260  2.5288
 0.630  0.5354  2.4828
 0.640  0.5449  2.4374
 0.650  0.5543  2.3926
 0.660  0.5637  2.3484
 0.670  0.5731  2.3046
 0.680  0.5825  2.2614
 0.690  0.5919  2.2186
 0.700  0.6013  2.1762
 0.710  0.6107  2.1341
 0.720  0.6200  2.0925
 0.730  0.6293  2.0512
 0.740  0.6496  2.0101
 0.750  0.6689  1.9694
 0.760  0.6929  1.9289
 0.770  0.6991  1.8886
 0.780  0.7000  1.8485
 0.790  0.7160  1.8086
 0.800  0.7385  1.7688
 0.810  0.7456  1.7290
 0.820  0.7427  1.6894
 0.830  0.7572  1.6498
 0.840  0.7786  1.6102
 0.850  0.7895  1.5706
 0.860  0.8253  1.5309
 0.870  0.8353  1.4911
 0.880  0.7988  1.4511
 0.890  0.8048  1.4110
 0.900  0.7893  1.3706
 0.910  0.7642  1.3299
 0.920  0.7269  1.2888
 0.930  0.5158  1.2474
 0.940  0.1897  1.2054
 0.950  0.4984  1.1628
 0.960  0.7797  1.1196
 0.970  0.9212  1.0756
 0.971  1.0000  1.0700
